<?xml version="1.0" encoding="UTF-8"?>
<testsuite name="com.telerikacademy.beertag.controllers.BeerControllerTests" tests="18" skipped="0" failures="0" errors="0" timestamp="2024-10-20T06:40:09" hostname="NIKOLAY-VOYNOV" time="2.152">
  <properties/>
  <testcase name="updateBeer_Should_ReturnStatusBadRequest_When_BodyIsInvalid()" classname="com.telerikacademy.beertag.controllers.BeerControllerTests" time="0.932"/>
  <testcase name="delete_Should_ReturnStatusUnauthorized_When_UserIsNotAuthorizedToDelete()" classname="com.telerikacademy.beertag.controllers.BeerControllerTests" time="0.132"/>
  <testcase name="createBeer_Should_ReturnStatusBadRequest_When_BodyIsInvalid()" classname="com.telerikacademy.beertag.controllers.BeerControllerTests" time="0.092"/>
  <testcase name="createBeer_should_ReturnStatusConflict_WhenBeerWithSameNameExists()" classname="com.telerikacademy.beertag.controllers.BeerControllerTests" time="0.032"/>
  <testcase name="updateBeer_Should_ReturnStatusUnauthorized_When_AuthorizationIsMissing()" classname="com.telerikacademy.beertag.controllers.BeerControllerTests" time="0.045"/>
  <testcase name="deleteBeer_Should_ReturnStatusOk_When_CorrectRequest()" classname="com.telerikacademy.beertag.controllers.BeerControllerTests" time="0.05"/>
  <testcase name="createBeer_Should_Return_StatusOk_When_CorrectRequest()" classname="com.telerikacademy.beertag.controllers.BeerControllerTests" time="0.059"/>
  <testcase name="deleteBeer_Should_ReturnStatusUnauthorized_When_AuthorizationIsMissing()" classname="com.telerikacademy.beertag.controllers.BeerControllerTests" time="0.017"/>
  <testcase name="getBeerByName_Should_Return_StatusOk_When_BeerExists()" classname="com.telerikacademy.beertag.controllers.BeerControllerTests" time="0.278"/>
  <testcase name="deleteBeer_Should_ReturnStatusNotFound_When_BeerDoesNotExist()" classname="com.telerikacademy.beertag.controllers.BeerControllerTests" time="0.013"/>
  <testcase name="updateBeer_Should_ReturnStatusUnauthorized_When_UserIsNotAuthorizedToUpdate()" classname="com.telerikacademy.beertag.controllers.BeerControllerTests" time="0.026"/>
  <testcase name="getBeerById_Should_Return_StatusOk_When_BeerExists()" classname="com.telerikacademy.beertag.controllers.BeerControllerTests" time="0.043"/>
  <testcase name="updateBeer_Should_ReturnStatusConflict_When_BeerWithSameNameExists()" classname="com.telerikacademy.beertag.controllers.BeerControllerTests" time="0.022"/>
  <testcase name="updateBeer_Should_ReturnStatusNotFound_When_BeerOrStyleDoesNotExist()" classname="com.telerikacademy.beertag.controllers.BeerControllerTests" time="0.066"/>
  <testcase name="createBeer_Should_ReturnStatusUnauthorized_When_AuthorizationIsMissing()" classname="com.telerikacademy.beertag.controllers.BeerControllerTests" time="0.032"/>
  <testcase name="getBeerByName_Should_Throw_StatusNotFound_When_BeerDoesNotExist()" classname="com.telerikacademy.beertag.controllers.BeerControllerTests" time="0.013"/>
  <testcase name="createBeer_Should_ReturnStatusNotFound_When_StyleDoesNotExist()" classname="com.telerikacademy.beertag.controllers.BeerControllerTests" time="0.063"/>
  <testcase name="getBeerById_Should_Throw_StatusNotFound_When_BeerDoesNotExist()" classname="com.telerikacademy.beertag.controllers.BeerControllerTests" time="0.018"/>
  <system-out><![CDATA[09:39:41.695 [Test worker] INFO org.springframework.test.context.support.AnnotationConfigContextLoaderUtils -- Could not detect default configuration classes for test class [com.telerikacademy.beertag.controllers.BeerControllerTests]: BeerControllerTests does not declare any static, non-private, non-final, nested classes annotated with @Configuration.
09:39:42.089 [Test worker] INFO org.springframework.boot.test.context.SpringBootTestContextBootstrapper -- Found @SpringBootConfiguration com.telerikacademy.beertag.BeerTagApplication for test class com.telerikacademy.beertag.controllers.BeerControllerTests

  .   ____          _            __ _ _
 /\\ / ___'_ __ _ _(_)_ __  __ _ \ \ \ \
( ( )\___ | '_ | '_| | '_ \/ _` | \ \ \ \
 \\/  ___)| |_)| | | | | || (_| |  ) ) ) )
  '  |____| .__|_| |_|_| |_\__, | / / / /
 =========|_|==============|___/=/_/_/_/

 :: Spring Boot ::                (v3.3.4)

2024-10-20T09:39:43.256+03:00  INFO 14720 --- [beer-tag] [    Test worker] c.t.b.controllers.BeerControllerTests    : Starting BeerControllerTests using Java 17.0.11 with PID 14720 (started by Nikolay Voynov in C:\Users\user\IdeaProjects\Telerik\Alpha 65 Java\04. Web\beer-tag\beer-tag)
2024-10-20T09:39:43.256+03:00  INFO 14720 --- [beer-tag] [    Test worker] c.t.b.controllers.BeerControllerTests    : No active profile set, falling back to 1 default profile: "default"
2024-10-20T09:39:45.394+03:00  INFO 14720 --- [beer-tag] [    Test worker] .s.d.r.c.RepositoryConfigurationDelegate : Bootstrapping Spring Data JPA repositories in DEFAULT mode.
2024-10-20T09:39:45.483+03:00  INFO 14720 --- [beer-tag] [    Test worker] .s.d.r.c.RepositoryConfigurationDelegate : Finished Spring Data repository scanning in 66 ms. Found 0 JPA repository interfaces.
2024-10-20T09:39:59.642+03:00  INFO 14720 --- [beer-tag] [    Test worker] org.hibernate.Version                    : HHH000412: Hibernate ORM core version 6.5.3.Final
2024-10-20T09:39:59.998+03:00  INFO 14720 --- [beer-tag] [    Test worker] o.h.c.internal.RegionFactoryInitiator    : HHH000026: Second-level cache disabled
2024-10-20T09:40:02.124+03:00  WARN 14720 --- [beer-tag] [    Test worker] org.hibernate.orm.deprecation            : HHH90000025: MariaDBDialect does not need to be specified explicitly using 'hibernate.dialect' (remove the property setting and it will be selected by default)
2024-10-20T09:40:07.145+03:00  INFO 14720 --- [beer-tag] [    Test worker] o.h.e.t.j.p.i.JtaPlatformInitiator       : HHH000489: No JTA platform available (set 'hibernate.transaction.jta.platform' to enable JTA platform integration)
2024-10-20T09:40:07.947+03:00  WARN 14720 --- [beer-tag] [    Test worker] JpaBaseConfiguration$JpaWebConfiguration : spring.jpa.open-in-view is enabled by default. Therefore, database queries may be performed during view rendering. Explicitly configure spring.jpa.open-in-view to disable this warning
2024-10-20T09:40:09.065+03:00  INFO 14720 --- [beer-tag] [    Test worker] o.s.b.t.m.w.SpringBootMockServletContext : Initializing Spring TestDispatcherServlet ''
2024-10-20T09:40:09.065+03:00  INFO 14720 --- [beer-tag] [    Test worker] o.s.t.web.servlet.TestDispatcherServlet  : Initializing Servlet ''
2024-10-20T09:40:09.075+03:00  INFO 14720 --- [beer-tag] [    Test worker] o.s.t.web.servlet.TestDispatcherServlet  : Completed initialization in 0 ms
2024-10-20T09:40:09.212+03:00  INFO 14720 --- [beer-tag] [    Test worker] c.t.b.controllers.BeerControllerTests    : Started BeerControllerTests in 26.55 seconds (process running for 30.418)
2024-10-20T09:40:10.181+03:00  WARN 14720 --- [beer-tag] [    Test worker] .w.s.m.s.DefaultHandlerExceptionResolver : Resolved [org.springframework.web.bind.MethodArgumentNotValidException: Validation failed for argument [2] in public com.telerikacademy.beertag.models.Beer com.telerikacademy.beertag.controllers.BeerRestController.updateBeer(org.springframework.http.HttpHeaders,int,com.telerikacademy.beertag.models.BeerDto): [Field error in object 'beerDto' on field 'name': rejected value [null]; codes [NotNull.beerDto.name,NotNull.name,NotNull.java.lang.String,NotNull]; arguments [org.springframework.context.support.DefaultMessageSourceResolvable: codes [beerDto.name,name]; arguments []; default message [name]]; default message [Name can't be empty.]] ]
2024-10-20T09:40:10.403+03:00  WARN 14720 --- [beer-tag] [    Test worker] .w.s.m.s.DefaultHandlerExceptionResolver : Resolved [org.springframework.web.bind.MethodArgumentNotValidException: Validation failed for argument [1] in public com.telerikacademy.beertag.models.Beer com.telerikacademy.beertag.controllers.BeerRestController.createNewBeer(org.springframework.http.HttpHeaders,com.telerikacademy.beertag.models.BeerDto): [Field error in object 'beerDto' on field 'name': rejected value [null]; codes [NotNull.beerDto.name,NotNull.name,NotNull.java.lang.String,NotNull]; arguments [org.springframework.context.support.DefaultMessageSourceResolvable: codes [beerDto.name,name]; arguments []; default message [name]]; default message [Name can't be empty.]] ]
]]></system-out>
  <system-err><![CDATA[]]></system-err>
</testsuite>
